{"name": "TC_003_Validation of executive summary", "status": "broken", "statusDetails": {"message": "selenium.common.exceptions.NoSuchDriverException: Message: Unable to locate or obtain driver for chrome; For documentation on this error, please visit: https://www.selenium.dev/documentation/webdriver/troubleshooting/errors/driver_location", "trace": "request = <SubRequest 'driver' for <Function test_report_tc3>>\n\n    @pytest.fixture(autouse=True)\n    def driver(request):\n        global driver\n        if browser == \"chrome\":\n            chrome_options = Options()\n            chrome_options.add_argument(\"--incognito\")\n            chrome_options.add_argument(\"--start-maximized\")\n>           driver = webdriver.Chrome(options=chrome_options, service=Service(executable_path=chrome_loc))\n\ntests\\test_cases\\test_bdd_scenarios.py:29: \n_ _ _ _ _ _ _ _ _ _ _ _ _ _ _ _ _ _ _ _ _ _ _ _ _ _ _ _ _ _ _ _ _ _ _ _ _ _ _ _\n..\\..\\..\\..\\Py_Projects\\bdevenv\\lib\\site-packages\\selenium\\webdriver\\chrome\\webdriver.py:45: in __init__\n    super().__init__(\n..\\..\\..\\..\\Py_Projects\\bdevenv\\lib\\site-packages\\selenium\\webdriver\\chromium\\webdriver.py:51: in __init__\n    self.service.path = DriverFinder.get_path(self.service, options)\n_ _ _ _ _ _ _ _ _ _ _ _ _ _ _ _ _ _ _ _ _ _ _ _ _ _ _ _ _ _ _ _ _ _ _ _ _ _ _ _\n\nservice = <selenium.webdriver.chrome.service.Service object at 0x000001CF67E55B70>\noptions = <selenium.webdriver.chrome.options.Options object at 0x000001CF67E55720>\n\n    @staticmethod\n    def get_path(service: Service, options: BaseOptions) -> str:\n        path = service.path\n        try:\n            path = SeleniumManager().driver_location(options) if path is None else path\n        except Exception as err:\n            msg = f\"Unable to obtain driver for {options.capabilities['browserName']} using Selenium Manager.\"\n            raise NoSuchDriverException(msg) from err\n    \n        if path is None or not Path(path).is_file():\n>           raise NoSuchDriverException(f\"Unable to locate or obtain driver for {options.capabilities['browserName']}\")\nE           selenium.common.exceptions.NoSuchDriverException: Message: Unable to locate or obtain driver for chrome; For documentation on this error, please visit: https://www.selenium.dev/documentation/webdriver/troubleshooting/errors/driver_location\n\n..\\..\\..\\..\\Py_Projects\\bdevenv\\lib\\site-packages\\selenium\\webdriver\\common\\driver_finder.py:44: NoSuchDriverException"}, "description": "D:\\My_Workspaces\\GitHub\\QE_JavaPython\\framework_python\\test_py_web\\tests\\test_cases\\..\\features\\power_bi_dashboard.feature: TC_003_Validation of executive summary", "start": 1718290097864, "stop": 1718290097864, "uuid": "03d50a8f-9b6d-40fc-a938-87d85bc5f2ed", "historyId": "a30f358895cde7687d435585e62b12cd", "testCaseId": "a30f358895cde7687d435585e62b12cd", "fullName": "tests.test_cases.test_bdd_scenarios#test_report_tc3", "labels": [{"name": "feature", "value": "Validate Grid Details and Drill Through"}, {"name": "severity", "value": "normal"}, {"name": "tag", "value": "@pytest.mark.usefixtures"}, {"name": "parentSuite", "value": "tests.test_cases"}, {"name": "suite", "value": "test_bdd_scenarios"}, {"name": "host", "value": "TIGER01340"}, {"name": "thread", "value": "6900-MainThread"}, {"name": "framework", "value": "pytest"}, {"name": "language", "value": "cpython3"}, {"name": "package", "value": "tests.test_cases.test_bdd_scenarios"}]}