[{"line":1,"elements":[{"line":3,"name":"Pre-Requisite for automated execution","description":"","type":"background","keyword":"Background","steps":[{"result":{"error_message":"org.openqa.selenium.SessionNotCreatedException: Could not start a new session. Possible causes are invalid address of the remote server or browser start-up failure. \nHost info: host: 'TIGER01340', ip: '192.168.68.107'\nBuild info: version: '4.23.1', revision: '656257d8e9'\nSystem info: os.name: 'Windows 11', os.arch: 'amd64', os.version: '10.0', java.version: '21.0.1'\nDriver info: org.openqa.selenium.remote.RemoteWebDriver\nCommand: [null, newSession {capabilities=[Capabilities {browserName: chrome, goog:chromeOptions: {args: [--no-sandbox, --incognito, --start-maximized, --ignore-certificate-errors], extensions: []}}]}]\nCapabilities {browserName: chrome, goog:chromeOptions: {args: [--no-sandbox, --incognito, --start-maximized, --ignore-certificate-errors], extensions: []}}\r\n\tat org.openqa.selenium.remote.RemoteWebDriver.execute(RemoteWebDriver.java:563)\r\n\tat org.openqa.selenium.remote.RemoteWebDriver.startSession(RemoteWebDriver.java:245)\r\n\tat org.openqa.selenium.remote.RemoteWebDriver.<init>(RemoteWebDriver.java:174)\r\n\tat org.openqa.selenium.remote.RemoteWebDriver.<init>(RemoteWebDriver.java:152)\r\n\tat utilities.DriverCall.setupBrowser(DriverCall.java:32)\r\n\tat stepDefinitions.TagValidationSteps.load_browser_driver(TagValidationSteps.java:14)\r\n\tat âœ½.Load the Browser and Driver(file:///D:/My_Workspaces/GitHub/QE_JavaPython/framework_java/test_java_web/src/test/resources/features/TagDemo.feature:4)\r\nCaused by: java.io.UncheckedIOException: java.net.ConnectException\r\n\tat org.openqa.selenium.remote.http.jdk.JdkHttpClient.execute0(JdkHttpClient.java:458)\r\n\tat org.openqa.selenium.remote.http.AddSeleniumUserAgent.lambda$apply$0(AddSeleniumUserAgent.java:42)\r\n\tat org.openqa.selenium.remote.http.Filter.lambda$andFinally$1(Filter.java:55)\r\n\tat org.openqa.selenium.remote.http.jdk.JdkHttpClient.execute(JdkHttpClient.java:374)\r\n\tat org.openqa.selenium.remote.tracing.TracedHttpClient.execute(TracedHttpClient.java:54)\r\n\tat org.openqa.selenium.remote.ProtocolHandshake.createSession(ProtocolHandshake.java:89)\r\n\tat org.openqa.selenium.remote.ProtocolHandshake.createSession(ProtocolHandshake.java:75)\r\n\tat org.openqa.selenium.remote.ProtocolHandshake.createSession(ProtocolHandshake.java:61)\r\n\tat org.openqa.selenium.remote.HttpCommandExecutor.execute(HttpCommandExecutor.java:162)\r\n\tat org.openqa.selenium.remote.TracedCommandExecutor.execute(TracedCommandExecutor.java:53)\r\n\tat org.openqa.selenium.remote.RemoteWebDriver.execute(RemoteWebDriver.java:545)\r\n\tat org.openqa.selenium.remote.RemoteWebDriver.startSession(RemoteWebDriver.java:245)\r\n\tat org.openqa.selenium.remote.RemoteWebDriver.<init>(RemoteWebDriver.java:174)\r\n\tat org.openqa.selenium.remote.RemoteWebDriver.<init>(RemoteWebDriver.java:152)\r\n\tat utilities.DriverCall.setupBrowser(DriverCall.java:32)\r\n\tat stepDefinitions.TagValidationSteps.load_browser_driver(TagValidationSteps.java:14)\r\n\tat java.base/jdk.internal.reflect.DirectMethodHandleAccessor.invoke(DirectMethodHandleAccessor.java:103)\r\n\tat java.base/java.lang.reflect.Method.invoke(Method.java:580)\r\n\tat io.cucumber.java.Invoker.doInvoke(Invoker.java:66)\r\n\tat io.cucumber.java.Invoker.invoke(Invoker.java:24)\r\n\tat io.cucumber.java.AbstractGlueDefinition.invokeMethod(AbstractGlueDefinition.java:47)\r\n\tat io.cucumber.java.JavaStepDefinition.execute(JavaStepDefinition.java:29)\r\n\tat io.cucumber.core.runner.CoreStepDefinition.execute(CoreStepDefinition.java:66)\r\n\tat io.cucumber.core.runner.PickleStepDefinitionMatch.runStep(PickleStepDefinitionMatch.java:63)\r\n\tat io.cucumber.core.runner.ExecutionMode$1.execute(ExecutionMode.java:10)\r\n\tat io.cucumber.core.runner.TestStep.executeStep(TestStep.java:84)\r\n\tat io.cucumber.core.runner.TestStep.run(TestStep.java:56)\r\n\tat io.cucumber.core.runner.PickleStepTestStep.run(PickleStepTestStep.java:51)\r\n\tat io.cucumber.core.runner.TestCase.run(TestCase.java:84)\r\n\tat io.cucumber.core.runner.Runner.runPickle(Runner.java:75)\r\n\tat io.cucumber.testng.TestNGCucumberRunner.lambda$runScenario$1(TestNGCucumberRunner.java:132)\r\n\tat io.cucumber.core.runtime.CucumberExecutionContext.lambda$runTestCase$5(CucumberExecutionContext.java:137)\r\n\tat io.cucumber.core.runtime.RethrowingThrowableCollector.executeAndThrow(RethrowingThrowableCollector.java:23)\r\n\tat io.cucumber.core.runtime.CucumberExecutionContext.runTestCase(CucumberExecutionContext.java:137)\r\n\tat io.cucumber.testng.TestNGCucumberRunner.runScenario(TestNGCucumberRunner.java:129)\r\n\tat io.cucumber.testng.AbstractTestNGCucumberTests.runScenario(AbstractTestNGCucumberTests.java:35)\r\n\tat java.base/jdk.internal.reflect.DirectMethodHandleAccessor.invoke(DirectMethodHandleAccessor.java:103)\r\n\tat java.base/java.lang.reflect.Method.invoke(Method.java:580)\r\n\tat org.testng.internal.invokers.MethodInvocationHelper.invokeMethod(MethodInvocationHelper.java:139)\r\n\tat org.testng.internal.invokers.TestInvoker.invokeMethod(TestInvoker.java:677)\r\n\tat org.testng.internal.invokers.TestInvoker.invokeTestMethod(TestInvoker.java:221)\r\n\tat org.testng.internal.invokers.MethodRunner.runInSequence(MethodRunner.java:50)\r\n\tat org.testng.internal.invokers.TestInvoker$MethodInvocationAgent.invoke(TestInvoker.java:969)\r\n\tat org.testng.internal.invokers.TestInvoker.invokeTestMethods(TestInvoker.java:194)\r\n\tat org.testng.internal.invokers.TestMethodWorker.invokeTestMethods(TestMethodWorker.java:148)\r\n\tat org.testng.internal.invokers.TestMethodWorker.run(TestMethodWorker.java:128)\r\n\tat java.base/java.util.ArrayList.forEach(ArrayList.java:1596)\r\n\tat org.testng.TestRunner.privateRun(TestRunner.java:829)\r\n\tat org.testng.TestRunner.run(TestRunner.java:602)\r\n\tat org.testng.SuiteRunner.runTest(SuiteRunner.java:437)\r\n\tat org.testng.SuiteRunner.runSequentially(SuiteRunner.java:431)\r\n\tat org.testng.SuiteRunner.privateRun(SuiteRunner.java:391)\r\n\tat org.testng.SuiteRunner.run(SuiteRunner.java:330)\r\n\tat org.testng.SuiteRunnerWorker.runSuite(SuiteRunnerWorker.java:52)\r\n\tat org.testng.SuiteRunnerWorker.run(SuiteRunnerWorker.java:95)\r\n\tat org.testng.TestNG.runSuitesSequentially(TestNG.java:1256)\r\n\tat org.testng.TestNG.runSuitesLocally(TestNG.java:1176)\r\n\tat org.testng.TestNG.runSuites(TestNG.java:1099)\r\n\tat org.testng.TestNG.run(TestNG.java:1067)\r\n\tat com.intellij.rt.testng.IDEARemoteTestNG.run(IDEARemoteTestNG.java:65)\r\n\tat com.intellij.rt.testng.RemoteTestNGStarter.main(RemoteTestNGStarter.java:105)\r\nCaused by: java.net.ConnectException\r\n\tat java.net.http/jdk.internal.net.http.common.Utils.toConnectException(Utils.java:1028)\r\n\tat java.net.http/jdk.internal.net.http.PlainHttpConnection.connectAsync(PlainHttpConnection.java:227)\r\n\tat java.net.http/jdk.internal.net.http.PlainHttpConnection.checkRetryConnect(PlainHttpConnection.java:280)\r\n\tat java.net.http/jdk.internal.net.http.PlainHttpConnection.lambda$connectAsync$2(PlainHttpConnection.java:238)\r\n\tat java.base/java.util.concurrent.CompletableFuture.uniHandle(CompletableFuture.java:934)\r\n\tat java.base/java.util.concurrent.CompletableFuture$UniHandle.tryFire(CompletableFuture.java:911)\r\n\tat java.base/java.util.concurrent.CompletableFuture.postComplete(CompletableFuture.java:510)\r\n\tat java.base/java.util.concurrent.CompletableFuture$AsyncSupply.run(CompletableFuture.java:1773)\r\n\tat java.base/java.util.concurrent.ThreadPoolExecutor.runWorker(ThreadPoolExecutor.java:1144)\r\n\tat java.base/java.util.concurrent.ThreadPoolExecutor$Worker.run(ThreadPoolExecutor.java:642)\r\n\tat java.base/java.lang.Thread.run(Thread.java:1583)\r\nCaused by: java.nio.channels.ClosedChannelException\r\n\tat java.base/sun.nio.ch.SocketChannelImpl.ensureOpen(SocketChannelImpl.java:202)\r\n\tat java.base/sun.nio.ch.SocketChannelImpl.beginConnect(SocketChannelImpl.java:786)\r\n\tat java.base/sun.nio.ch.SocketChannelImpl.connect(SocketChannelImpl.java:874)\r\n\tat java.net.http/jdk.internal.net.http.PlainHttpConnection.lambda$connectAsync$1(PlainHttpConnection.java:210)\r\n\tat java.base/java.security.AccessController.doPrivileged(AccessController.java:571)\r\n\tat java.net.http/jdk.internal.net.http.PlainHttpConnection.connectAsync(PlainHttpConnection.java:212)\r\n\t... 9 more\r\n","duration":904995400,"status":"failed"},"line":4,"name":"Load the Browser and Driver","match":{"location":"stepDefinitions.TagValidationSteps.load_browser_driver()"},"keyword":"Given "}]},{"start_timestamp":"2024-12-02T05:30:30.515Z","line":7,"name":"Monitor Network Payload for Home Page","description":"","id":"tag-validations-demo;monitor-network-payload-for-home-page","after":[{"result":{"duration":2015200,"status":"passed"},"match":{"location":"stepDefinitions.TagValidationSteps.closeBrowser()"}}],"type":"scenario","keyword":"Scenario","steps":[{"result":{"duration":1004000,"status":"skipped"},"line":8,"name":"Load Homepage and Network Payload using filter : \"g/collect\"","match":{"arguments":[{"val":"\"g/collect\"","offset":49}],"location":"stepDefinitions.TagValidationSteps.start_network_monitoring(java.lang.String)"},"keyword":"When "},{"result":{"duration":1588500,"status":"skipped"},"line":9,"name":"Report the payload data","match":{"location":"stepDefinitions.TagValidationSteps.report_payload_data()"},"keyword":"Then "}],"tags":[{"name":"@smoke"}]}],"name":"Tag Validations Demo","description":"","id":"tag-validations-demo","keyword":"Feature","uri":"file:src/test/resources/features/TagDemo.feature","tags":[]}]