{"uid":"9fab842e02e7a692","name":"TC_003_Validation of executive summary","fullName":"tests.test_cases.test_bdd_scenarios#test_report_tc3","historyId":"a30f358895cde7687d435585e62b12cd","time":{"start":1718290250381,"stop":1718290250381,"duration":0},"description":"D:\\My_Workspaces\\GitHub\\QE_JavaPython\\framework_python\\test_py_web\\tests\\test_cases\\..\\features\\power_bi_dashboard.feature: TC_003_Validation of executive summary","descriptionHtml":"<p>D:\\My_Workspaces\\GitHub\\QE_JavaPython\\framework_python\\test_py_web\\tests\\test_cases..\\features\\power_bi_dashboard.feature: TC_003_Validation of executive summary</p>\n","status":"broken","statusMessage":"selenium.common.exceptions.NoSuchDriverException: Message: Unable to locate or obtain driver for chrome; For documentation on this error, please visit: https://www.selenium.dev/documentation/webdriver/troubleshooting/errors/driver_location","statusTrace":"request = <SubRequest 'driver' for <Function test_report_tc3>>\n\n    @pytest.fixture(autouse=True)\n    def driver(request):\n        global driver\n        if browser == \"chrome\":\n            chrome_options = Options()\n            chrome_options.add_argument(\"--incognito\")\n            chrome_options.add_argument(\"--start-maximized\")\n>           driver = webdriver.Chrome(options=chrome_options, service=Service(executable_path=chrome_loc))\n\ntests\\test_cases\\test_bdd_scenarios.py:29: \n_ _ _ _ _ _ _ _ _ _ _ _ _ _ _ _ _ _ _ _ _ _ _ _ _ _ _ _ _ _ _ _ _ _ _ _ _ _ _ _\n..\\..\\..\\..\\Py_Projects\\bdevenv\\lib\\site-packages\\selenium\\webdriver\\chrome\\webdriver.py:45: in __init__\n    super().__init__(\n..\\..\\..\\..\\Py_Projects\\bdevenv\\lib\\site-packages\\selenium\\webdriver\\chromium\\webdriver.py:51: in __init__\n    self.service.path = DriverFinder.get_path(self.service, options)\n_ _ _ _ _ _ _ _ _ _ _ _ _ _ _ _ _ _ _ _ _ _ _ _ _ _ _ _ _ _ _ _ _ _ _ _ _ _ _ _\n\nservice = <selenium.webdriver.chrome.service.Service object at 0x000001C5C32C2F50>\noptions = <selenium.webdriver.chrome.options.Options object at 0x000001C5C32C2EC0>\n\n    @staticmethod\n    def get_path(service: Service, options: BaseOptions) -> str:\n        path = service.path\n        try:\n            path = SeleniumManager().driver_location(options) if path is None else path\n        except Exception as err:\n            msg = f\"Unable to obtain driver for {options.capabilities['browserName']} using Selenium Manager.\"\n            raise NoSuchDriverException(msg) from err\n    \n        if path is None or not Path(path).is_file():\n>           raise NoSuchDriverException(f\"Unable to locate or obtain driver for {options.capabilities['browserName']}\")\nE           selenium.common.exceptions.NoSuchDriverException: Message: Unable to locate or obtain driver for chrome; For documentation on this error, please visit: https://www.selenium.dev/documentation/webdriver/troubleshooting/errors/driver_location\n\n..\\..\\..\\..\\Py_Projects\\bdevenv\\lib\\site-packages\\selenium\\webdriver\\common\\driver_finder.py:44: NoSuchDriverException","flaky":false,"newFailed":false,"newBroken":false,"newPassed":false,"retriesCount":0,"retriesStatusChange":false,"beforeStages":[{"name":"driver","time":{"start":1718290250382,"stop":1718290250383,"duration":1},"status":"broken","statusMessage":"selenium.common.exceptions.NoSuchDriverException: Message: Unable to locate or obtain driver for chrome; For documentation on this error, please visit: https://www.selenium.dev/documentation/webdriver/troubleshooting/errors/driver_location\n\n","statusTrace":"  File \"D:\\My_Workspaces\\Py_Projects\\bdevenv\\lib\\site-packages\\pluggy\\_callers.py\", line 39, in _multicall\n    res = hook_impl.function(*args)\n  File \"D:\\My_Workspaces\\Py_Projects\\bdevenv\\lib\\site-packages\\_pytest\\fixtures.py\", line 1123, in pytest_fixture_setup\n    result = call_fixture_func(fixturefunc, request, kwargs)\n  File \"D:\\My_Workspaces\\Py_Projects\\bdevenv\\lib\\site-packages\\_pytest\\fixtures.py\", line 895, in call_fixture_func\n    fixture_result = next(generator)\n  File \"D:\\My_Workspaces\\GitHub\\QE_JavaPython\\framework_python\\test_py_web\\tests\\test_cases\\test_bdd_scenarios.py\", line 29, in driver\n    driver = webdriver.Chrome(options=chrome_options, service=Service(executable_path=chrome_loc))\n  File \"D:\\My_Workspaces\\Py_Projects\\bdevenv\\lib\\site-packages\\selenium\\webdriver\\chrome\\webdriver.py\", line 45, in __init__\n    super().__init__(\n  File \"D:\\My_Workspaces\\Py_Projects\\bdevenv\\lib\\site-packages\\selenium\\webdriver\\chromium\\webdriver.py\", line 51, in __init__\n    self.service.path = DriverFinder.get_path(self.service, options)\n  File \"D:\\My_Workspaces\\Py_Projects\\bdevenv\\lib\\site-packages\\selenium\\webdriver\\common\\driver_finder.py\", line 44, in get_path\n    raise NoSuchDriverException(f\"Unable to locate or obtain driver for {options.capabilities['browserName']}\")\n","steps":[],"attachments":[],"parameters":[],"hasContent":true,"shouldDisplayMessage":true,"attachmentsCount":0,"stepsCount":0,"attachmentStep":false}],"afterStages":[],"labels":[{"name":"severity","value":"normal"},{"name":"feature","value":"Validate Grid Details and Drill Through"},{"name":"tag","value":"@pytest.mark.usefixtures"},{"name":"parentSuite","value":"tests.test_cases"},{"name":"suite","value":"test_bdd_scenarios"},{"name":"host","value":"TIGER01340"},{"name":"thread","value":"25176-MainThread"},{"name":"framework","value":"pytest"},{"name":"language","value":"cpython3"},{"name":"package","value":"tests.test_cases.test_bdd_scenarios"},{"name":"resultFormat","value":"allure2"}],"parameters":[],"links":[],"hidden":true,"retry":true,"extra":{"categories":[],"tags":["@pytest.mark.usefixtures"]},"source":"9fab842e02e7a692.json","parameterValues":[]}