{"uid":"a66338ef9fd3c67","name":"TC_003_Validation of executive summary","fullName":"tests.test_cases.test_bdd_scenarios#test_report_tc3","historyId":"a30f358895cde7687d435585e62b12cd","time":{"start":1718290316233,"stop":1718290375361,"duration":59128},"description":"D:\\My_Workspaces\\GitHub\\QE_JavaPython\\framework_python\\test_py_web\\tests\\test_cases\\..\\features\\power_bi_dashboard.feature: TC_003_Validation of executive summary","descriptionHtml":"<p>D:\\My_Workspaces\\GitHub\\QE_JavaPython\\framework_python\\test_py_web\\tests\\test_cases..\\features\\power_bi_dashboard.feature: TC_003_Validation of executive summary</p>\n","status":"broken","statusMessage":"AttributeError: 'NoneType' object has no attribute 'click'","statusTrace":"fixturefunc = <function login_to_dashboard at 0x0000027364872710>\nrequest = <FixtureRequest for <Function test_report_tc3>>\nkwargs = {'tcname': 'tc3'}\n\n    def call_fixture_func(\n        fixturefunc: \"_FixtureFunc[FixtureValue]\", request: FixtureRequest, kwargs\n    ) -> FixtureValue:\n        if is_generator(fixturefunc):\n            fixturefunc = cast(\n                Callable[..., Generator[FixtureValue, None, None]], fixturefunc\n            )\n            generator = fixturefunc(**kwargs)\n            try:\n                fixture_result = next(generator)\n            except StopIteration:\n                raise ValueError(f\"{request.fixturename} did not yield a value\") from None\n            finalizer = functools.partial(_teardown_yield_fixture, fixturefunc, generator)\n            request.addfinalizer(finalizer)\n        else:\n            fixturefunc = cast(Callable[..., FixtureValue], fixturefunc)\n>           fixture_result = fixturefunc(**kwargs)\n\n..\\..\\..\\..\\Py_Projects\\bdevenv\\lib\\site-packages\\_pytest\\fixtures.py:902: \n_ _ _ _ _ _ _ _ _ _ _ _ _ _ _ _ _ _ _ _ _ _ _ _ _ _ _ _ _ _ _ _ _ _ _ _ _ _ _ _\ntests\\test_cases\\test_bdd_scenarios.py:140: in login_to_dashboard\n    srep.selection_of_filters(tc_params)\nsrc\\pom\\pages\\executive_summary_dashboard.py:65: in selection_of_filters\n    self.click_by_locator(By.XPATH, dd_ele)\n_ _ _ _ _ _ _ _ _ _ _ _ _ _ _ _ _ _ _ _ _ _ _ _ _ _ _ _ _ _ _ _ _ _ _ _ _ _ _ _\n\nself = <src.pom.pages.executive_summary_dashboard.SummaryReportPage object at 0x00000273648A3DF0>\nlocator1 = 'xpath'\nlocator2 = \"(//*[local-name()='div' and @class='slicer-restatement'])[1]\"\n\n    def click_by_locator(self, locator1, locator2):\n        try:\n>           return self.find_element_by_locator(locator1,locator2).click()\nE           AttributeError: 'NoneType' object has no attribute 'click'\n\nsrc\\pom\\pages\\base_page.py:67: AttributeError","flaky":false,"newFailed":false,"newBroken":false,"newPassed":false,"retriesCount":3,"retriesStatusChange":false,"beforeStages":[{"name":"driver","time":{"start":1718290313357,"stop":1718290316231,"duration":2874},"status":"passed","steps":[],"attachments":[],"parameters":[],"hasContent":false,"shouldDisplayMessage":false,"attachmentsCount":0,"stepsCount":0,"attachmentStep":false},{"name":"_pytest_bdd_example","time":{"start":1718290316232,"stop":1718290316232,"duration":0},"status":"passed","steps":[],"attachments":[],"parameters":[],"hasContent":false,"shouldDisplayMessage":false,"attachmentsCount":0,"stepsCount":0,"attachmentStep":false}],"testStage":{"description":"D:\\My_Workspaces\\GitHub\\QE_JavaPython\\framework_python\\test_py_web\\tests\\test_cases\\..\\features\\power_bi_dashboard.feature: TC_003_Validation of executive summary","status":"broken","statusMessage":"AttributeError: 'NoneType' object has no attribute 'click'","statusTrace":"fixturefunc = <function login_to_dashboard at 0x0000027364872710>\nrequest = <FixtureRequest for <Function test_report_tc3>>\nkwargs = {'tcname': 'tc3'}\n\n    def call_fixture_func(\n        fixturefunc: \"_FixtureFunc[FixtureValue]\", request: FixtureRequest, kwargs\n    ) -> FixtureValue:\n        if is_generator(fixturefunc):\n            fixturefunc = cast(\n                Callable[..., Generator[FixtureValue, None, None]], fixturefunc\n            )\n            generator = fixturefunc(**kwargs)\n            try:\n                fixture_result = next(generator)\n            except StopIteration:\n                raise ValueError(f\"{request.fixturename} did not yield a value\") from None\n            finalizer = functools.partial(_teardown_yield_fixture, fixturefunc, generator)\n            request.addfinalizer(finalizer)\n        else:\n            fixturefunc = cast(Callable[..., FixtureValue], fixturefunc)\n>           fixture_result = fixturefunc(**kwargs)\n\n..\\..\\..\\..\\Py_Projects\\bdevenv\\lib\\site-packages\\_pytest\\fixtures.py:902: \n_ _ _ _ _ _ _ _ _ _ _ _ _ _ _ _ _ _ _ _ _ _ _ _ _ _ _ _ _ _ _ _ _ _ _ _ _ _ _ _\ntests\\test_cases\\test_bdd_scenarios.py:140: in login_to_dashboard\n    srep.selection_of_filters(tc_params)\nsrc\\pom\\pages\\executive_summary_dashboard.py:65: in selection_of_filters\n    self.click_by_locator(By.XPATH, dd_ele)\n_ _ _ _ _ _ _ _ _ _ _ _ _ _ _ _ _ _ _ _ _ _ _ _ _ _ _ _ _ _ _ _ _ _ _ _ _ _ _ _\n\nself = <src.pom.pages.executive_summary_dashboard.SummaryReportPage object at 0x00000273648A3DF0>\nlocator1 = 'xpath'\nlocator2 = \"(//*[local-name()='div' and @class='slicer-restatement'])[1]\"\n\n    def click_by_locator(self, locator1, locator2):\n        try:\n>           return self.find_element_by_locator(locator1,locator2).click()\nE           AttributeError: 'NoneType' object has no attribute 'click'\n\nsrc\\pom\\pages\\base_page.py:67: AttributeError","steps":[{"name":"Login into power bi using id","time":{"start":1718290326281,"stop":1718290326525,"duration":244},"status":"passed","steps":[],"attachments":[],"parameters":[],"hasContent":false,"shouldDisplayMessage":false,"attachmentsCount":0,"stepsCount":0,"attachmentStep":false},{"name":"Login into power bi using encrypted password","time":{"start":1718290331539,"stop":1718290332211,"duration":672},"status":"passed","steps":[],"attachments":[],"parameters":[],"hasContent":false,"shouldDisplayMessage":false,"attachmentsCount":0,"stepsCount":0,"attachmentStep":false},{"name":"Clicked the extra pop up in login screen","time":{"start":1718290335213,"stop":1718290342243,"duration":7030},"status":"passed","steps":[],"attachments":[],"parameters":[],"hasContent":false,"shouldDisplayMessage":false,"attachmentsCount":0,"stepsCount":0,"attachmentStep":false},{"name":"Reset Filter","time":{"start":1718290357257,"stop":1718290366313,"duration":9056},"status":"passed","steps":[],"attachments":[],"parameters":[],"hasContent":false,"shouldDisplayMessage":false,"attachmentsCount":0,"stepsCount":0,"attachmentStep":false}],"attachments":[{"uid":"b95952dd8668c20c","name":"log","source":"b95952dd8668c20c.txt","type":"text/plain","size":422},{"uid":"31c0c6b1d772d02","name":"stdout","source":"31c0c6b1d772d02.txt","type":"text/plain","size":4502}],"parameters":[],"hasContent":true,"shouldDisplayMessage":true,"attachmentsCount":2,"stepsCount":4,"attachmentStep":false},"afterStages":[{"name":"driver::0","time":{"start":1718290375408,"stop":1718290377633,"duration":2225},"status":"passed","steps":[],"attachments":[],"parameters":[],"hasContent":false,"shouldDisplayMessage":false,"attachmentsCount":0,"stepsCount":0,"attachmentStep":false}],"labels":[{"name":"feature","value":"Validate Grid Details and Drill Through"},{"name":"severity","value":"normal"},{"name":"tag","value":"@pytest.mark.usefixtures"},{"name":"parentSuite","value":"tests.test_cases"},{"name":"suite","value":"test_bdd_scenarios"},{"name":"host","value":"TIGER01340"},{"name":"thread","value":"6376-MainThread"},{"name":"framework","value":"pytest"},{"name":"language","value":"cpython3"},{"name":"package","value":"tests.test_cases.test_bdd_scenarios"},{"name":"resultFormat","value":"allure2"}],"parameters":[],"links":[],"hidden":false,"retry":false,"extra":{"severity":"normal","retries":[{"uid":"9fab842e02e7a692","status":"broken","statusDetails":"selenium.common.exceptions.NoSuchDriverException: Message: Unable to locate or obtain driver for chrome; For documentation on this error, please visit: https://www.selenium.dev/documentation/webdriver/troubleshooting/errors/driver_location","time":{"start":1718290250381,"stop":1718290250381,"duration":0}},{"uid":"57fb519b4fccd52d","status":"broken","statusDetails":"selenium.common.exceptions.NoSuchDriverException: Message: Unable to locate or obtain driver for chrome; For documentation on this error, please visit: https://www.selenium.dev/documentation/webdriver/troubleshooting/errors/driver_location","time":{"start":1718290097864,"stop":1718290097864,"duration":0}},{"uid":"8454d3258a60398c","status":"broken","statusDetails":"selenium.common.exceptions.ElementClickInterceptedException: Message: element click intercepted: Element <div class=\"slicerItemContainer\" role=\"option\" aria-setsize=\"-1\" title=\"Vegetable Oil\" aria-posinset=\"16\" data-row-index=\"16\" data-row-id=\"0:16\" aria-selected=\"false\" style=\"margin-left: 0px;\">...</div> is not clickable at point (426, 430). Other element would receive the click: <div class=\"slicer-dropdown-popup visual themeableElement focused\" focus-nav-mode=\"Group\" id=\"slicer-dropdown-popup-e0d11a11-5e23-08dd-8b61-48cd29840716\" style=\"background-color: rgb(255, 255, 255); width: 159.406px; transform: scale(0.634115); left: 375.732px; top: 300.242px; transform-origin: left top; display: block;\">...</div>\n  (Session info: chrome=121.0.6167.161)\nStacktrace:\n\tGetHandleVerifier [0x00007FF6F0765E42+3538674]\n\t(No symbol) [0x00007FF6F0384C02]\n\t(No symbol) [0x00007FF6F0235AEB]\n\t(No symbol) [0x00007FF6F02833E4]\n\t(No symbol) [0x00007FF6F0281122]\n\t(No symbol) [0x00007FF6F027E884]\n\t(No symbol) [0x00007FF6F027D5A9]\n\t(No symbol) [0x00007FF6F0271950]\n\t(No symbol) [0x00007FF6F029F0AA]\n\t(No symbol) [0x00007FF6F027124A]\n\t(No symbol) [0x00007FF6F029F2C0]\n\t(No symbol) [0x00007FF6F02BBDE3]\n\t(No symbol) [0x00007FF6F029EE53]\n\t(No symbol) [0x00007FF6F026F514]\n\t(No symbol) [0x00007FF6F0270631]\n\tGetHandleVerifier [0x00007FF6F0796CAD+3738973]\n\tGetHandleVerifier [0x00007FF6F07EC506+4089270]\n\tGetHandleVerifier [0x00007FF6F07E4823+4057299]\n\tGetHandleVerifier [0x00007FF6F04B5C49+720121]\n\t(No symbol) [0x00007FF6F039126F]\n\t(No symbol) [0x00007FF6F038C304]\n\t(No symbol) [0x00007FF6F038C432]\n\t(No symbol) [0x00007FF6F037BD04]\n\tBaseThreadInitThunk [0x00007FFC84DD257D+29]\n\tRtlUserThreadStart [0x00007FFC8556AA58+40]","time":{"start":1708066035772,"stop":1708066177359,"duration":141587}}],"categories":[{"name":"Test defects","matchedStatuses":[],"flaky":false}],"history":{"statistic":{"failed":0,"broken":2,"skipped":0,"passed":0,"unknown":0,"total":2},"items":[{"uid":"8e3b653cedc29de5","status":"broken","statusDetails":"selenium.common.exceptions.ElementClickInterceptedException: Message: element click intercepted: Element <div class=\"slicerItemContainer\" role=\"option\" aria-setsize=\"-1\" title=\"Vegetable Oil\" aria-posinset=\"16\" data-row-index=\"16\" data-row-id=\"0:16\" aria-selected=\"false\" style=\"margin-left: 0px;\">...</div> is not clickable at point (426, 430). Other element would receive the click: <div class=\"slicer-dropdown-popup visual themeableElement focused\" focus-nav-mode=\"Group\" id=\"slicer-dropdown-popup-e0d11a11-5e23-08dd-8b61-48cd29840716\" style=\"background-color: rgb(255, 255, 255); width: 159.406px; transform: scale(0.634115); left: 375.732px; top: 300.242px; transform-origin: left top; display: block;\">...</div>\n  (Session info: chrome=121.0.6167.161)\nStacktrace:\n\tGetHandleVerifier [0x00007FF6F0765E42+3538674]\n\t(No symbol) [0x00007FF6F0384C02]\n\t(No symbol) [0x00007FF6F0235AEB]\n\t(No symbol) [0x00007FF6F02833E4]\n\t(No symbol) [0x00007FF6F0281122]\n\t(No symbol) [0x00007FF6F027E884]\n\t(No symbol) [0x00007FF6F027D5A9]\n\t(No symbol) [0x00007FF6F0271950]\n\t(No symbol) [0x00007FF6F029F0AA]\n\t(No symbol) [0x00007FF6F027124A]\n\t(No symbol) [0x00007FF6F029F2C0]\n\t(No symbol) [0x00007FF6F02BBDE3]\n\t(No symbol) [0x00007FF6F029EE53]\n\t(No symbol) [0x00007FF6F026F514]\n\t(No symbol) [0x00007FF6F0270631]\n\tGetHandleVerifier [0x00007FF6F0796CAD+3738973]\n\tGetHandleVerifier [0x00007FF6F07EC506+4089270]\n\tGetHandleVerifier [0x00007FF6F07E4823+4057299]\n\tGetHandleVerifier [0x00007FF6F04B5C49+720121]\n\t(No symbol) [0x00007FF6F039126F]\n\t(No symbol) [0x00007FF6F038C304]\n\t(No symbol) [0x00007FF6F038C432]\n\t(No symbol) [0x00007FF6F037BD04]\n\tBaseThreadInitThunk [0x00007FFC84DD257D+29]\n\tRtlUserThreadStart [0x00007FFC8556AA58+40]","time":{"start":1708066035772,"stop":1708066177359,"duration":141587}}]},"tags":["@pytest.mark.usefixtures"]},"source":"a66338ef9fd3c67.json","parameterValues":[]}